Tue, 01 Mar 2022 15:03:34 GMT | INFO  | Server is running on port: 3000
Tue, 01 Mar 2022 15:03:34 GMT | INFO  | Connected to database
Tue, 01 Mar 2022 15:17:39 GMT | INFO  | Server is running on port: 3000
Tue, 01 Mar 2022 15:17:39 GMT | INFO  | Connected to database
Fri, 04 Mar 2022 08:00:23 GMT | INFO  | Server is running on port: 3000
Fri, 04 Mar 2022 08:00:23 GMT | INFO  | Connected to database
Fri, 04 Mar 2022 08:09:23 GMT | INFO  | Server is running on port: 3000
Fri, 04 Mar 2022 08:09:23 GMT | INFO  | Connected to database
Fri, 04 Mar 2022 08:53:17 GMT | INFO  | Server is running on port: 3000
Fri, 04 Mar 2022 08:53:17 GMT | INFO  | Connected to database
Fri, 04 Mar 2022 09:03:48 GMT | INFO  | Server is running on port: 3000
Fri, 04 Mar 2022 09:03:48 GMT | INFO  | Connected to database
Thu, 10 Mar 2022 08:59:11 GMT | INFO  | Server is running on port: 3000
Thu, 10 Mar 2022 08:59:11 GMT | INFO  | Connected to database
Thu, 10 Mar 2022 09:34:02 GMT | INFO  | Server is running on port: 3000
Thu, 10 Mar 2022 09:34:02 GMT | INFO  | Connected to database
Wed, 16 Mar 2022 12:44:14 GMT | INFO  | Server is running on port: 3000
Wed, 16 Mar 2022 12:44:14 GMT | INFO  | Connected to database
Wed, 16 Mar 2022 14:30:16 GMT | INFO  | Server is running on port: 3000
Wed, 16 Mar 2022 14:30:17 GMT | INFO  | Connected to database
Wed, 16 Mar 2022 15:27:13 GMT | INFO  | Server is running on port: 3000
Wed, 16 Mar 2022 15:27:13 GMT | INFO  | Connected to database
Wed, 16 Mar 2022 15:28:43 GMT | INFO  | Server is running on port: 3000
Wed, 16 Mar 2022 15:28:43 GMT | INFO  | Connected to database
Wed, 16 Mar 2022 15:31:50 GMT | INFO  | Server is running on port: 3000
Wed, 16 Mar 2022 15:31:50 GMT | INFO  | Connected to database
Wed, 16 Mar 2022 15:56:27 GMT | INFO  | Server is running on port: 3000
Wed, 16 Mar 2022 15:56:27 GMT | INFO  | Connected to database
Thu, 17 Mar 2022 08:44:10 GMT | INFO  | Server is running on port: 3000
Thu, 17 Mar 2022 08:44:10 GMT | INFO  | Connected to database
Thu, 17 Mar 2022 12:29:04 GMT | INFO  | Server is running on port: 3000
Thu, 17 Mar 2022 12:29:04 GMT | INFO  | Connected to database
Thu, 17 Mar 2022 12:48:06 GMT | INFO  | Server is running on port: 3000
Thu, 17 Mar 2022 12:48:06 GMT | INFO  | Connected to database
Thu, 17 Mar 2022 13:10:07 GMT | INFO  | Server is running on port: 3000
Thu, 17 Mar 2022 13:10:07 GMT | INFO  | Connected to database
Thu, 17 Mar 2022 15:18:32 GMT | INFO  | Server is running on port: 3000
Thu, 17 Mar 2022 15:18:32 GMT | INFO  | Connected to database
Thu, 17 Mar 2022 15:21:42 GMT | INFO  | Server is running on port: 3000
Thu, 17 Mar 2022 15:21:42 GMT | INFO  | Connected to database
Thu, 17 Mar 2022 17:10:49 GMT | INFO  | Server is running on port: 3000
Thu, 17 Mar 2022 17:10:49 GMT | INFO  | Connected to database
Mon, 21 Mar 2022 15:55:12 GMT | INFO  | Server is running on port: 3000
Mon, 21 Mar 2022 15:55:12 GMT | INFO  | Connected to database
Mon, 21 Mar 2022 17:06:49 GMT | INFO  | Server is running on port: 3000
Mon, 21 Mar 2022 17:06:49 GMT | INFO  | Connected to database
Mon, 21 Mar 2022 17:07:57 GMT | INFO  | Server is running on port: 3000
Mon, 21 Mar 2022 17:07:57 GMT | INFO  | Connected to database
Mon, 21 Mar 2022 17:10:23 GMT | INFO  | Server is running on port: 3000
Mon, 21 Mar 2022 17:10:23 GMT | INFO  | Connected to database
Mon, 21 Mar 2022 17:11:21 GMT | INFO  | Server is running on port: 3000
Mon, 21 Mar 2022 17:11:21 GMT | INFO  | Connected to database
Mon, 21 Mar 2022 17:12:52 GMT | INFO  | Server is running on port: 3000
Mon, 21 Mar 2022 17:12:52 GMT | INFO  | Connected to database
Mon, 21 Mar 2022 17:14:09 GMT | INFO  | Server is running on port: 3000
Mon, 21 Mar 2022 17:14:09 GMT | INFO  | Connected to database
Mon, 21 Mar 2022 17:15:14 GMT | INFO  | Server is running on port: 3000
Mon, 21 Mar 2022 17:15:14 GMT | INFO  | Connected to database
Mon, 21 Mar 2022 17:16:36 GMT | INFO  | Server is running on port: 3000
Mon, 21 Mar 2022 17:16:36 GMT | INFO  | Connected to database
Mon, 04 Apr 2022 10:57:44 GMT | INFO  | Server is running on port: 3000
Mon, 04 Apr 2022 10:57:44 GMT | INFO  | Connected to database
Tue, 05 Apr 2022 12:48:44 GMT | INFO  | Server is running on port: 3000
Tue, 05 Apr 2022 12:48:44 GMT | INFO  | Connected to database
Thu, 07 Apr 2022 14:50:49 GMT | INFO  | Server is running on port: 3000
Thu, 07 Apr 2022 14:58:45 GMT | INFO  | Server is running on port: 3000
Thu, 07 Apr 2022 15:03:20 GMT | INFO  | Server is running on port: 3000
Thu, 07 Apr 2022 15:05:47 GMT | INFO  | Server is running on port: 3000
Thu, 07 Apr 2022 15:10:52 GMT | INFO  | Server is running on port: 3000
Thu, 07 Apr 2022 15:11:29 GMT | INFO  | Server is running on port: 3000
Thu, 07 Apr 2022 15:15:09 GMT | INFO  | Server is running on port: 3000
Thu, 07 Apr 2022 15:17:37 GMT | INFO  | Server is running on port: 3000
Thu, 07 Apr 2022 15:17:37 GMT | INFO  | Connected to database
Fri, 08 Apr 2022 23:24:21 GMT | INFO  | Server is running on port: 3000
Fri, 08 Apr 2022 23:24:21 GMT | INFO  | Connected to database
Sat, 09 Apr 2022 00:00:01 GMT | INFO  | Server is running on port: 3000
Sat, 09 Apr 2022 00:00:01 GMT | INFO  | Connected to database
Sat, 09 Apr 2022 00:45:39 GMT | INFO  | Server is running on port: 3000
Sat, 09 Apr 2022 00:45:39 GMT | INFO  | Connected to database
Sun, 10 Apr 2022 13:09:50 GMT | INFO  | Server is running on port: 3000
Sun, 10 Apr 2022 13:09:50 GMT | INFO  | Connected to database
Sun, 10 Apr 2022 15:12:12 GMT | INFO  | Server is running on port: 3000
Sun, 10 Apr 2022 15:12:12 GMT | INFO  | Connected to database
Sun, 10 Apr 2022 16:17:15 GMT | INFO  | Server is running on port: 3000
Sun, 10 Apr 2022 16:17:15 GMT | INFO  | Connected to database
Sun, 10 Apr 2022 20:44:47 GMT | INFO  | Server is running on port: 3000
Sun, 10 Apr 2022 20:44:47 GMT | INFO  | Connected to database
Sun, 10 Apr 2022 21:25:59 GMT | INFO  | Server is running on port: 3000
Sun, 10 Apr 2022 21:25:59 GMT | INFO  | Connected to database
